This is pdfTeX, Version 3.14159265-2.6-1.40.19 (MiKTeX 2.9.6700 64-bit) (preloaded format=pdflatex 2018.5.27)  25 JUN 2019 12:48
entering extended mode
**./sprawozdanie.tex
(sprawozdanie.tex
LaTeX2e <2018-04-01> patch level 4
Babel <3.20> and hyphenation patterns for 75 language(s) loaded.
("C:\Users\Artur\AppData\Local\Programs\MiKTeX 2.9\tex\latex\base\article.cls"
Document Class: article 2014/09/29 v1.4h Standard LaTeX document class
("C:\Users\Artur\AppData\Local\Programs\MiKTeX 2.9\tex\latex\base\size10.clo"
File: size10.clo 2014/09/29 v1.4h Standard LaTeX file (size option)
)
\c@part=\count80
\c@section=\count81
\c@subsection=\count82
\c@subsubsection=\count83
\c@paragraph=\count84
\c@subparagraph=\count85
\c@figure=\count86
\c@table=\count87
\abovecaptionskip=\skip41
\belowcaptionskip=\skip42
\bibindent=\dimen102
) ("C:\Users\Artur\AppData\Local\Programs\MiKTeX 2.9\tex\latex\polski\polski.st
y"
Package: polski 2017/05/04 v1.3.4 Polish language package

   Switching to Polish text encoding and Polish maths fonts.
("C:\Users\Artur\AppData\Local\Programs\MiKTeX 2.9\tex\latex\base\ot4enc.def"
File: ot4enc.def 2017/04/05 v2.0i Standard LaTeX file
Now handling font encoding OT4 ...
... no UTF-8 mapping file for font encoding OT4
)
LaTeX Font Info:    Try loading font information for OT4+cmr on input line 360.


("C:\Users\Artur\AppData\Local\Programs\MiKTeX 2.9\tex\latex\polski\ot4cmr.fd"
File: ot4cmr.fd 2008/02/24 v1.2.1 Font defs for fonts PL (MW)
)
LaTeX Font Info:    Overwriting math alphabet `\mathbf' in version `normal'
(Font)                  OT1/cmr/bx/n --> OT4/cmr/bx/n on input line 360.
LaTeX Font Info:    Overwriting math alphabet `\mathsf' in version `normal'
(Font)                  OT1/cmss/m/n --> OT4/cmss/m/n on input line 360.
LaTeX Font Info:    Overwriting math alphabet `\mathit' in version `normal'
(Font)                  OT1/cmr/m/it --> OT4/cmr/m/it on input line 360.
LaTeX Font Info:    Overwriting math alphabet `\mathtt' in version `normal'
(Font)                  OT1/cmtt/m/n --> OT4/cmtt/m/n on input line 360.
LaTeX Font Info:    Overwriting math alphabet `\mathsf' in version `bold'
(Font)                  OT1/cmss/bx/n --> OT4/cmss/bx/n on input line 360.
LaTeX Font Info:    Overwriting math alphabet `\mathit' in version `bold'
(Font)                  OT1/cmr/bx/it --> OT4/cmr/bx/it on input line 360.
LaTeX Font Info:    Encoding `OT1' has changed to `OT4' for symbol font
(Font)              `operators' in the math version `normal' on input line 360.

LaTeX Font Info:    Overwriting symbol font `operators' in version `normal'
(Font)                  OT1/cmr/m/n --> OT4/cmr/m/n on input line 360.
LaTeX Font Info:    Overwriting symbol font `letters' in version `normal'
(Font)                  OML/cmm/m/it --> OML/plm/m/it on input line 360.
LaTeX Font Info:    Overwriting symbol font `symbols' in version `normal'
(Font)                  OMS/cmsy/m/n --> OMS/plsy/m/n on input line 360.
LaTeX Font Info:    Overwriting symbol font `largesymbols' in version `normal'
(Font)                  OMX/cmex/m/n --> OMX/plex/m/n on input line 360.
LaTeX Font Info:    Encoding `OT1' has changed to `OT4' for symbol font
(Font)              `operators' in the math version `bold' on input line 360.
LaTeX Font Info:    Overwriting symbol font `operators' in version `bold'
(Font)                  OT1/cmr/bx/n --> OT4/cmr/bx/n on input line 360.
LaTeX Font Info:    Overwriting symbol font `letters' in version `bold'
(Font)                  OML/cmm/b/it --> OML/plm/b/it on input line 360.
LaTeX Font Info:    Overwriting symbol font `symbols' in version `bold'
(Font)                  OMS/cmsy/b/n --> OMS/plsy/b/n on input line 360.
) ("C:\Users\Artur\AppData\Local\Programs\MiKTeX 2.9\tex\latex\base\inputenc.st
y"
Package: inputenc 2018/04/06 v1.3b Input encoding file
\inpenc@prehook=\toks14
\inpenc@posthook=\toks15
)
("C:\Users\Artur\AppData\Local\Programs\MiKTeX 2.9\tex\latex\graphics\graphicx.
sty"
Package: graphicx 2017/06/01 v1.1a Enhanced LaTeX Graphics (DPC,SPQR)

("C:\Users\Artur\AppData\Local\Programs\MiKTeX 2.9\tex\latex\graphics\keyval.st
y"
Package: keyval 2014/10/28 v1.15 key=value parser (DPC)
\KV@toks@=\toks16
)
("C:\Users\Artur\AppData\Local\Programs\MiKTeX 2.9\tex\latex\graphics\graphics.
sty"
Package: graphics 2017/06/25 v1.2c Standard LaTeX Graphics (DPC,SPQR)

("C:\Users\Artur\AppData\Local\Programs\MiKTeX 2.9\tex\latex\graphics\trig.sty"
Package: trig 2016/01/03 v1.10 sin cos tan (DPC)
)
("C:\Users\Artur\AppData\Local\Programs\MiKTeX 2.9\tex\latex\graphics-cfg\graph
ics.cfg"
File: graphics.cfg 2016/06/04 v1.11 sample graphics configuration
)
Package graphics Info: Driver file: pdftex.def on input line 99.

("C:\Users\Artur\AppData\Local\Programs\MiKTeX 2.9\tex\latex\graphics-def\pdfte
x.def"
File: pdftex.def 2018/01/08 v1.0l Graphics/color driver for pdftex
))
\Gin@req@height=\dimen103
\Gin@req@width=\dimen104
)
("C:\Users\Artur\AppData\Local\Programs\MiKTeX 2.9\tex\latex\float\float.sty"
Package: float 2001/11/08 v1.3d Float enhancements (AL)
\c@float@type=\count88
\float@exts=\toks17
\float@box=\box26
\@float@everytoks=\toks18
\@floatcapt=\box27
)
("C:\Users\Artur\AppData\Local\Programs\MiKTeX 2.9\tex\latex\listings\listings.
sty"
\lst@mode=\count89
\lst@gtempboxa=\box28
\lst@token=\toks19
\lst@length=\count90
\lst@currlwidth=\dimen105
\lst@column=\count91
\lst@pos=\count92
\lst@lostspace=\dimen106
\lst@width=\dimen107
\lst@newlines=\count93
\lst@lineno=\count94
\lst@maxwidth=\dimen108

("C:\Users\Artur\AppData\Local\Programs\MiKTeX 2.9\tex\latex\listings\lstmisc.s
ty"
File: lstmisc.sty 2019/02/27 1.8b (Carsten Heinz)
\c@lstnumber=\count95
\lst@skipnumbers=\count96
\lst@framebox=\box29
)
("C:\Users\Artur\AppData\Local\Programs\MiKTeX 2.9\tex\latex\listings\listings.
cfg"
File: listings.cfg 2019/02/27 1.8b listings configuration
))
Package: listings 2019/02/27 1.8b (Carsten Heinz)

("C:\Users\Artur\AppData\Local\Programs\MiKTeX 2.9\tex\latex\mathtools\mathtool
s.sty"
Package: mathtools 2018/01/08 v1.21 mathematical typesetting tools

("C:\Users\Artur\AppData\Local\Programs\MiKTeX 2.9\tex\latex\tools\calc.sty"
Package: calc 2017/05/25 v4.3 Infix arithmetic (KKT,FJ)
\calc@Acount=\count97
\calc@Bcount=\count98
\calc@Adimen=\dimen109
\calc@Bdimen=\dimen110
\calc@Askip=\skip43
\calc@Bskip=\skip44
LaTeX Info: Redefining \setlength on input line 80.
LaTeX Info: Redefining \addtolength on input line 81.
\calc@Ccount=\count99
\calc@Cskip=\skip45
)
("C:\Users\Artur\AppData\Local\Programs\MiKTeX 2.9\tex\latex\mathtools\mhsetup.
sty"
Package: mhsetup 2017/03/31 v1.3 programming setup (MH)
)
("C:\Users\Artur\AppData\Local\Programs\MiKTeX 2.9\tex\latex\amsmath\amsmath.st
y"
Package: amsmath 2017/09/02 v2.17a AMS math features
\@mathmargin=\skip46

For additional information on amsmath, use the `?' option.

("C:\Users\Artur\AppData\Local\Programs\MiKTeX 2.9\tex\latex\amsmath\amstext.st
y"
Package: amstext 2000/06/29 v2.01 AMS text

("C:\Users\Artur\AppData\Local\Programs\MiKTeX 2.9\tex\latex\amsmath\amsgen.sty
"
File: amsgen.sty 1999/11/30 v2.0 generic functions
\@emptytoks=\toks20
\ex@=\dimen111
))
("C:\Users\Artur\AppData\Local\Programs\MiKTeX 2.9\tex\latex\amsmath\amsbsy.sty
"
Package: amsbsy 1999/11/29 v1.2d Bold Symbols
\pmbraise@=\dimen112
)
("C:\Users\Artur\AppData\Local\Programs\MiKTeX 2.9\tex\latex\amsmath\amsopn.sty
"
Package: amsopn 2016/03/08 v2.02 operator names
)
\inf@bad=\count100
LaTeX Info: Redefining \frac on input line 213.
\uproot@=\count101
\leftroot@=\count102
LaTeX Info: Redefining \overline on input line 375.
\classnum@=\count103
\DOTSCASE@=\count104
LaTeX Info: Redefining \ldots on input line 472.
LaTeX Info: Redefining \dots on input line 475.
LaTeX Info: Redefining \cdots on input line 596.
\Mathstrutbox@=\box30
\strutbox@=\box31
\big@size=\dimen113
LaTeX Font Info:    Redeclaring font encoding OML on input line 712.
LaTeX Font Info:    Redeclaring font encoding OMS on input line 713.
\macc@depth=\count105
\c@MaxMatrixCols=\count106
\dotsspace@=\muskip10
\c@parentequation=\count107
\dspbrk@lvl=\count108
\tag@help=\toks21
\row@=\count109
\column@=\count110
\maxfields@=\count111
\andhelp@=\toks22
\eqnshift@=\dimen114
\alignsep@=\dimen115
\tagshift@=\dimen116
\tagwidth@=\dimen117
\totwidth@=\dimen118
\lineht@=\dimen119
\@envbody=\toks23
\multlinegap=\skip47
\multlinetaggap=\skip48
\mathdisplay@stack=\toks24
LaTeX Info: Redefining \[ on input line 2817.
LaTeX Info: Redefining \] on input line 2818.
)
LaTeX Info: Thecontrolsequence`\('isalreadyrobust on input line 129.
LaTeX Info: Thecontrolsequence`\)'isalreadyrobust on input line 129.
LaTeX Info: Thecontrolsequence`\['isalreadyrobust on input line 129.
LaTeX Info: Thecontrolsequence`\]'isalreadyrobust on input line 129.
\g_MT_multlinerow_int=\count112
\l_MT_multwidth_dim=\dimen120
\origjot=\skip49
\l_MT_shortvdotswithinadjustabove_dim=\dimen121
\l_MT_shortvdotswithinadjustbelow_dim=\dimen122
\l_MT_above_intertext_sep=\dimen123
\l_MT_below_intertext_sep=\dimen124
\l_MT_above_shortintertext_sep=\dimen125
\l_MT_below_shortintertext_sep=\dimen126
)
("C:\Users\Artur\AppData\Local\Programs\MiKTeX 2.9\tex\latex\listings\lstlang1.
sty"
File: lstlang1.sty 2019/02/27 1.8b listings language file
)
("C:\Users\Artur\AppData\Local\Programs\MiKTeX 2.9\tex\latex\listings\lstlang1.
sty"
File: lstlang1.sty 2019/02/27 1.8b listings language file
)
("C:\Users\Artur\AppData\Local\Programs\MiKTeX 2.9\tex\latex\listings\lstmisc.s
ty"
File: lstmisc.sty 2019/02/27 1.8b (Carsten Heinz)
) (sprawozdanie.aux)
\openout1 = `sprawozdanie.aux'.

LaTeX Font Info:    Checking defaults for OML/cmm/m/it on input line 22.
LaTeX Font Info:    ... okay on input line 22.
LaTeX Font Info:    Checking defaults for T1/cmr/m/n on input line 22.
LaTeX Font Info:    ... okay on input line 22.
LaTeX Font Info:    Checking defaults for OT1/cmr/m/n on input line 22.
LaTeX Font Info:    ... okay on input line 22.
LaTeX Font Info:    Checking defaults for OMS/cmsy/m/n on input line 22.
LaTeX Font Info:    ... okay on input line 22.
LaTeX Font Info:    Checking defaults for OMX/cmex/m/n on input line 22.
LaTeX Font Info:    ... okay on input line 22.
LaTeX Font Info:    Checking defaults for U/cmr/m/n on input line 22.
LaTeX Font Info:    ... okay on input line 22.
LaTeX Font Info:    Checking defaults for OT4/cmr/m/n on input line 22.
LaTeX Font Info:    ... okay on input line 22.

("C:\Users\Artur\AppData\Local\Programs\MiKTeX 2.9\tex\context\base\supp-pdf.mk
ii"
[Loading MPS to PDF converter (version 2006.09.02).]
\scratchcounter=\count113
\scratchdimen=\dimen127
\scratchbox=\box32
\nofMPsegments=\count114
\nofMParguments=\count115
\everyMPshowfont=\toks25
\MPscratchCnt=\count116
\MPscratchDim=\dimen128
\MPnumerator=\count117
\makeMPintoPDFobject=\count118
\everyMPtoPDFconversion=\toks26
)
("C:\Users\Artur\AppData\Local\Programs\MiKTeX 2.9\tex\latex\oberdiek\epstopdf-
base.sty"
Package: epstopdf-base 2016/05/15 v2.6 Base part for package epstopdf

("C:\Users\Artur\AppData\Local\Programs\MiKTeX 2.9\tex\generic\oberdiek\infware
rr.sty"
Package: infwarerr 2016/05/16 v1.4 Providing info/warning/error messages (HO)
)
("C:\Users\Artur\AppData\Local\Programs\MiKTeX 2.9\tex\latex\oberdiek\grfext.st
y"
Package: grfext 2016/05/16 v1.2 Manage graphics extensions (HO)

("C:\Users\Artur\AppData\Local\Programs\MiKTeX 2.9\tex\generic\oberdiek\kvdefin
ekeys.sty"
Package: kvdefinekeys 2016/05/16 v1.4 Define keys (HO)

("C:\Users\Artur\AppData\Local\Programs\MiKTeX 2.9\tex\generic\oberdiek\ltxcmds
.sty"
Package: ltxcmds 2016/05/16 v1.23 LaTeX kernel commands for general use (HO)
)))
("C:\Users\Artur\AppData\Local\Programs\MiKTeX 2.9\tex\latex\oberdiek\kvoptions
.sty"
Package: kvoptions 2016/05/16 v3.12 Key value format for package options (HO)

("C:\Users\Artur\AppData\Local\Programs\MiKTeX 2.9\tex\generic\oberdiek\kvsetke
ys.sty"
Package: kvsetkeys 2016/05/16 v1.17 Key value parser (HO)

("C:\Users\Artur\AppData\Local\Programs\MiKTeX 2.9\tex\generic\oberdiek\etexcmd
s.sty"
Package: etexcmds 2016/05/16 v1.6 Avoid name clashes with e-TeX commands (HO)

("C:\Users\Artur\AppData\Local\Programs\MiKTeX 2.9\tex\generic\oberdiek\ifluate
x.sty"
Package: ifluatex 2016/05/16 v1.4 Provides the ifluatex switch (HO)
Package ifluatex Info: LuaTeX not detected.
)
Package etexcmds Info: Could not find \expanded.
(etexcmds)             That can mean that you are not using pdfTeX 1.50 or
(etexcmds)             that some package has redefined \expanded.
(etexcmds)             In the latter case, load this package earlier.
)))
("C:\Users\Artur\AppData\Local\Programs\MiKTeX 2.9\tex\generic\oberdiek\pdftexc
mds.sty"
Package: pdftexcmds 2018/01/30 v0.27 Utility functions of pdfTeX for LuaTeX (HO
)

("C:\Users\Artur\AppData\Local\Programs\MiKTeX 2.9\tex\generic\oberdiek\ifpdf.s
ty"
Package: ifpdf 2017/03/15 v3.2 Provides the ifpdf switch
)
Package pdftexcmds Info: LuaTeX not detected.
Package pdftexcmds Info: \pdf@primitive is available.
Package pdftexcmds Info: \pdf@ifprimitive is available.
Package pdftexcmds Info: \pdfdraftmode found.
)
Package epstopdf-base Info: Redefining graphics rule for `.eps' on input line 4
38.
Package grfext Info: Graphics extension search list:
(grfext)             [.pdf,.png,.jpg,.mps,.jpeg,.jbig2,.jb2,.PDF,.PNG,.JPG,.JPE
G,.JBIG2,.JB2,.eps]
(grfext)             \AppendGraphicsExtensions on input line 456.
)
\c@lstlisting=\count119
LaTeX Font Info:    Try loading font information for OML+plm on input line 23.

("C:\Users\Artur\AppData\Local\Programs\MiKTeX 2.9\tex\latex\polski\omlplm.fd"
File: omlplm.fd 2008/02/24 v1.2.1 Font defs for fonts PL (MW)
)
LaTeX Font Info:    Try loading font information for OMS+plsy on input line 23.

("C:\Users\Artur\AppData\Local\Programs\MiKTeX 2.9\tex\latex\polski\omsplsy.fd"
File: omsplsy.fd 2008/02/24 v1.2.1 Font defs for fonts PL (MW)
)
LaTeX Font Info:    Try loading font information for OMX+plex on input line 23.

 ("C:\Users\Artur\AppData\Local\Programs\MiKTeX 2.9\tex\latex\polski\omxplex.fd
"
File: omxplex.fd 2008/02/24 v1.2.1 Font defs for fonts PL (MW)
)
LaTeX Font Info:    External font `plex10' loaded for size
(Font)              <12> on input line 23.
LaTeX Font Info:    External font `plex10' loaded for size
(Font)              <8> on input line 23.
LaTeX Font Info:    External font `plex10' loaded for size
(Font)              <6> on input line 23.
LaTeX Font Info:    Try loading font information for OMS+cmr on input line 30.
 ("C:\Users\Artur\AppData\Local\Programs\MiKTeX 2.9\tex\latex\base\omscmr.fd"
File: omscmr.fd 2014/09/29 v2.5h Standard LaTeX font definitions
)
LaTeX Font Info:    Font shape `OMS/cmr/m/n' in size <10> not available
(Font)              Font shape `OMS/cmsy/m/n' tried instead on input line 30.

Overfull \hbox (4.44443pt too wide) in paragraph at lines 34--52
[] [] [] 
 []


Underfull \hbox (badness 10000) in paragraph at lines 34--52

 []


Underfull \hbox (badness 10000) in paragraph at lines 34--52

 []

[1

{C:/Users/Artur/AppData/Local/MiKTeX/2.9/pdftex/config/pdftex.map}]
LaTeX Font Info:    Try loading font information for OML+cmr on input line 75.

("C:\Users\Artur\AppData\Local\Programs\MiKTeX 2.9\tex\latex\base\omlcmr.fd"
File: omlcmr.fd 2014/09/29 v2.5h Standard LaTeX font definitions
)
LaTeX Font Info:    Font shape `OML/cmr/m/n' in size <10> not available
(Font)              Font shape `OML/cmm/m/it' tried instead on input line 75.
LaTeX Font Info:    External font `plex10' loaded for size
(Font)              <10> on input line 84.
LaTeX Font Info:    External font `plex10' loaded for size
(Font)              <7> on input line 84.
LaTeX Font Info:    External font `plex10' loaded for size
(Font)              <5> on input line 84.

[2] [3]
Overfull \hbox (93.00446pt too wide) in paragraph at lines 155--156
[][][][][][][][][][][][][][][][][][][][][][][][][][][][][][][][][][][][][][][][
][][][][][] 
 []

[4]
<./images/3/1.png, id=23, 697.8572pt x 225.09094pt>
File: ./images/3/1.png Graphic file (type png)
<use ./images/3/1.png>
Package pdftex.def Info: ./images/3/1.png  used on input line 199.
(pdftex.def)             Requested size: 345.0pt x 111.27782pt.
 [5]
<./images/graphs/time/graph1.png, id=28, 361.35pt x 237.13594pt>
File: ./images/graphs/time/graph1.png Graphic file (type png)
<use ./images/graphs/time/graph1.png>
Package pdftex.def Info: ./images/graphs/time/graph1.png  used on input line 22
0.
(pdftex.def)             Requested size: 345.0pt x 226.40678pt.
 [6 <./images/3/1.png>]
<./images/graphs/time/graph2.png, id=33, 361.35pt x 237.13594pt>
File: ./images/graphs/time/graph2.png Graphic file (type png)
<use ./images/graphs/time/graph2.png>
Package pdftex.def Info: ./images/graphs/time/graph2.png  used on input line 22
7.
(pdftex.def)             Requested size: 345.0pt x 226.40678pt.
 [7 <./images/graphs/time/graph1.png>]
<./images/graphs/time/graph3.png, id=38, 361.35pt x 237.13594pt>
File: ./images/graphs/time/graph3.png Graphic file (type png)
<use ./images/graphs/time/graph3.png>
Package pdftex.def Info: ./images/graphs/time/graph3.png  used on input line 23
4.
(pdftex.def)             Requested size: 345.0pt x 226.40678pt.
 [8 <./images/graphs/time/graph2.png> <./images/graphs/time/graph3.png>]
<./images/graphs/fast/graph1.png, id=42, 361.35pt x 237.13594pt>
File: ./images/graphs/fast/graph1.png Graphic file (type png)
<use ./images/graphs/fast/graph1.png>
Package pdftex.def Info: ./images/graphs/fast/graph1.png  used on input line 24
5.
(pdftex.def)             Requested size: 345.0pt x 226.40678pt.
<./images/graphs/fast/graph2.png, id=43, 361.35pt x 237.13594pt>
File: ./images/graphs/fast/graph2.png Graphic file (type png)
<use ./images/graphs/fast/graph2.png>
Package pdftex.def Info: ./images/graphs/fast/graph2.png  used on input line 25
2.
(pdftex.def)             Requested size: 345.0pt x 226.40678pt.
 [9 <./images/graphs/fast/graph1.png>]
<./images/graphs/fast/graph3.png, id=47, 361.35pt x 237.13594pt>
File: ./images/graphs/fast/graph3.png Graphic file (type png)
<use ./images/graphs/fast/graph3.png>
Package pdftex.def Info: ./images/graphs/fast/graph3.png  used on input line 25
9.
(pdftex.def)             Requested size: 345.0pt x 226.40678pt.
 [10 <./images/graphs/fast/graph2.png> <./images/graphs/fast/graph3.png>]
<./images/graphs/dostepy/graph1.png, id=51, 361.35pt x 237.13594pt>
File: ./images/graphs/dostepy/graph1.png Graphic file (type png)
<use ./images/graphs/dostepy/graph1.png>
Package pdftex.def Info: ./images/graphs/dostepy/graph1.png  used on input line
 270.
(pdftex.def)             Requested size: 345.0pt x 226.40678pt.
<./images/graphs/dostepy/graph2.png, id=52, 361.35pt x 237.13594pt>
File: ./images/graphs/dostepy/graph2.png Graphic file (type png)
<use ./images/graphs/dostepy/graph2.png>
Package pdftex.def Info: ./images/graphs/dostepy/graph2.png  used on input line
 277.
(pdftex.def)             Requested size: 345.0pt x 226.40678pt.
 [11 <./images/graphs/dostepy/graph1.png>]
<./images/graphs/dostepy/graph3.png, id=56, 361.35pt x 237.13594pt>
File: ./images/graphs/dostepy/graph3.png Graphic file (type png)
<use ./images/graphs/dostepy/graph3.png>
Package pdftex.def Info: ./images/graphs/dostepy/graph3.png  used on input line
 284.
(pdftex.def)             Requested size: 345.0pt x 226.40678pt.
<./images/tables/table1.png, id=57, 522.45187pt x 293.59688pt>
File: ./images/tables/table1.png Graphic file (type png)
<use ./images/tables/table1.png>
Package pdftex.def Info: ./images/tables/table1.png  used on input line 291.
(pdftex.def)             Requested size: 345.0pt x 193.87756pt.
 [12 <./images/graphs/dostepy/graph2.png> <./images/graphs/dostepy/graph3.png>]
<./images/graphs/zajetosc/graph1.png, id=61, 361.35pt x 237.13594pt>
File: ./images/graphs/zajetosc/graph1.png Graphic file (type png)
<use ./images/graphs/zajetosc/graph1.png>
Package pdftex.def Info: ./images/graphs/zajetosc/graph1.png  used on input lin
e 308.
(pdftex.def)             Requested size: 345.0pt x 226.40678pt.
 [13 <./images/tables/table1.png>]
<./images/graphs/zajetosc/graph2.png, id=66, 361.35pt x 237.13594pt>
File: ./images/graphs/zajetosc/graph2.png Graphic file (type png)
<use ./images/graphs/zajetosc/graph2.png>
Package pdftex.def Info: ./images/graphs/zajetosc/graph2.png  used on input lin
e 315.
(pdftex.def)             Requested size: 345.0pt x 226.40678pt.
 [14 <./images/graphs/zajetosc/graph1.png>]
<./images/graphs/zajetosc/graph3.png, id=70, 361.35pt x 237.13594pt>
File: ./images/graphs/zajetosc/graph3.png Graphic file (type png)
<use ./images/graphs/zajetosc/graph3.png>
Package pdftex.def Info: ./images/graphs/zajetosc/graph3.png  used on input lin
e 322.
(pdftex.def)             Requested size: 345.0pt x 226.40678pt.
<./images/tables/table2.png, id=71, 506.6428pt x 293.59688pt>
File: ./images/tables/table2.png Graphic file (type png)
<use ./images/tables/table2.png>
Package pdftex.def Info: ./images/tables/table2.png  used on input line 329.
(pdftex.def)             Requested size: 345.0pt x 199.92993pt.
 [15 <./images/graphs/zajetosc/graph2.png> <./images/graphs/zajetosc/graph3.png
>]
<./images/tables/table3.png, id=75, 522.45187pt x 293.59688pt>
File: ./images/tables/table3.png Graphic file (type png)
<use ./images/tables/table3.png>
Package pdftex.def Info: ./images/tables/table3.png  used on input line 340.
(pdftex.def)             Requested size: 345.0pt x 193.87756pt.
 [16 <./images/tables/table2.png>] [17 <./images/tables/table3.png>] [18] (spra
wozdanie.aux) ) 
Here is how much of TeX's memory you used:
 4785 strings out of 492976
 69857 string characters out of 3126751
 339382 words of memory out of 3000000
 8562 multiletter control sequences out of 15000+200000
 14275 words of font info for 40 fonts, out of 3000000 for 9000
 1141 hyphenation exceptions out of 8191
 41i,6n,58p,774b,1676s stack positions out of 5000i,500n,10000p,200000b,50000s
{C:/Users/Artur/AppData/Local/Programs/MiKTeX 2.9/fonts/enc/dvip
s/pl/plmi.enc}{C:/Users/Artur/AppData/Local/Programs/MiKTeX 2.9/fonts/enc/dvips
/pl/plms.enc}{C:/Users/Artur/AppData/Local/Programs/MiKTeX 2.9/fonts/enc/dvips/
pl/plrm.enc}<C:/Users/Artur/AppData/Local/Programs/MiKTeX 2.9/fonts/type1/publi
c/amsfonts/cm/cmmi10.pfb><C:/Users/Artur/AppData/Local/Programs/MiKTeX 2.9/font
s/type1/public/amsfonts/cm/cmsy10.pfb><C:/Users/Artur/AppData/Local/Programs/Mi
KTeX 2.9/fonts/type1/public/pl/plbx10.pfb><C:/Users/Artur/AppData/Local/Program
s/MiKTeX 2.9/fonts/type1/public/pl/plbx12.pfb><C:/Users/Artur/AppData/Local/Pro
grams/MiKTeX 2.9/fonts/type1/public/pl/plmi10.pfb><C:/Users/Artur/AppData/Local
/Programs/MiKTeX 2.9/fonts/type1/public/pl/plr10.pfb><C:/Users/Artur/AppData/Lo
cal/Programs/MiKTeX 2.9/fonts/type1/public/pl/plr12.pfb><C:/Users/Artur/AppData
/Local/Programs/MiKTeX 2.9/fonts/type1/public/pl/plr17.pfb><C:/Users/Artur/AppD
ata/Local/Programs/MiKTeX 2.9/fonts/type1/public/pl/plsy10.pfb>
Output written on sprawozdanie.pdf (18 pages, 263590 bytes).
PDF statistics:
 117 PDF objects out of 1000 (max. 8388607)
 0 named destinations out of 1000 (max. 500000)
 81 words of extra memory for PDF output out of 10000 (max. 10000000)

